<?xml version="1.0" encoding="UTF-8"?>
<!-- Generated by org.testng.reporters.JUnitXMLReporter -->
<testsuite hostname="Braidens-MacBook-Pro.local" ignored="31" name="Default test" tests="1" failures="0" timestamp="10 Oct 2022 22:50:48 GMT" time="7.11" errors="0">
  <testcase name="use_of_getTitle_method_with_assertion01" time="1.444" classname="com.costco.tests.TestClass"/>
  <testcase name="use_Of_Selected_mathod" time="0.0" classname="com.costco.tests.TestClass">
    <ignored/>
  </testcase> <!-- use_Of_Selected_mathod -->
  <testcase name="LearnAboutOurCommitmentToWomenButtonTest" time="0.0" classname="com.costco.tests.TestClass">
    <ignored/>
  </testcase> <!-- LearnAboutOurCommitmentToWomenButtonTest -->
  <testcase name="setASpecificSizeOfWindow" time="0.0" classname="com.costco.tests.TestClass">
    <ignored/>
  </testcase> <!-- setASpecificSizeOfWindow -->
  <testcase name="whileSuppliesClickTest" time="0.0" classname="com.costco.tests.TestClass">
    <ignored/>
  </testcase> <!-- whileSuppliesClickTest -->
  <testcase name="mouseHoverActonsOnMyeBay" time="0.0" classname="com.costco.tests.TestClass">
    <ignored/>
  </testcase> <!-- mouseHoverActonsOnMyeBay -->
  <testcase name="termsandConditionsLinkTest" time="0.0" classname="com.costco.tests.TestClass">
    <ignored/>
  </testcase> <!-- termsandConditionsLinkTest -->
  <testcase name="dropdown_selectByVisibleText_method" time="0.0" classname="com.costco.tests.TestClass">
    <ignored/>
  </testcase> <!-- dropdown_selectByVisibleText_method -->
  <testcase name="logoTest02" time="0.0" classname="com.costco.tests.TestClass">
    <ignored/>
  </testcase> <!-- logoTest02 -->
  <testcase name="warehouseSavingsTest" time="0.0" classname="com.costco.tests.TestClass">
    <ignored/>
  </testcase> <!-- warehouseSavingsTest -->
  <testcase name="sameDayClickTest" time="0.0" classname="com.costco.tests.TestClass">
    <ignored/>
  </testcase> <!-- sameDayClickTest -->
  <testcase name="use_of_getCurrentURL_method" time="0.0" classname="com.costco.tests.TestClass">
    <ignored/>
  </testcase> <!-- use_of_getCurrentURL_method -->
  <testcase name="creditCardsClickTest" time="0.0" classname="com.costco.tests.TestClass">
    <ignored/>
  </testcase> <!-- creditCardsClickTest -->
  <testcase name="use_of_getTile_method" time="0.0" classname="com.costco.tests.TestClass">
    <ignored/>
  </testcase> <!-- use_of_getTile_method -->
  <testcase name="use_of_senKeys_method_then_click_submit_and_then_clear" time="0.0" classname="com.costco.tests.TestClass">
    <ignored/>
  </testcase> <!-- use_of_senKeys_method_then_click_submit_and_then_clear -->
  <testcase name="dropdown_selectByValue_method" time="0.0" classname="com.costco.tests.TestClass">
    <ignored/>
  </testcase> <!-- dropdown_selectByValue_method -->
  <testcase name="groceryButtonTest" time="0.0" classname="com.costco.tests.TestClass">
    <ignored/>
  </testcase> <!-- groceryButtonTest -->
  <testcase name="use_of_senKeys_method_then_click_by_enter_key_and_then_clear" time="0.0" classname="com.costco.tests.TestClass">
    <ignored/>
  </testcase> <!-- use_of_senKeys_method_then_click_by_enter_key_and_then_clear -->
  <testcase name="treasureHuntTest" time="0.0" classname="com.costco.tests.TestClass">
    <ignored/>
  </testcase> <!-- treasureHuntTest -->
  <testcase name="use_of_getAttribute_method" time="0.0" classname="com.costco.tests.TestClass">
    <ignored/>
  </testcase> <!-- use_of_getAttribute_method -->
  <testcase name="use_of_sendKeys_method" time="0.0" classname="com.costco.tests.TestClass">
    <ignored/>
  </testcase> <!-- use_of_sendKeys_method -->
  <testcase name="searchFieldTest" time="0.0" classname="com.costco.tests.TestClass">
    <ignored/>
  </testcase> <!-- searchFieldTest -->
  <testcase name="logoTest03" time="0.0" classname="com.costco.tests.TestClass">
    <ignored/>
  </testcase> <!-- logoTest03 -->
  <testcase name="passWordClickTest" time="0.0" classname="com.costco.tests.TestClass">
    <ignored/>
  </testcase> <!-- passWordClickTest -->
  <testcase name="sameDayElementTest" time="0.0" classname="com.costco.tests.TestClass">
    <ignored/>
  </testcase> <!-- sameDayElementTest -->
  <testcase name="ordersReturnsClickTest" time="0.0" classname="com.costco.tests.TestClass">
    <ignored/>
  </testcase> <!-- ordersReturnsClickTest -->
  <testcase name="dropdown_selectByIndex_method" time="0.0" classname="com.costco.tests.TestClass">
    <ignored/>
  </testcase> <!-- dropdown_selectByIndex_method -->
  <testcase name="signInButtonClickTest" time="0.0" classname="com.costco.tests.TestClass">
    <ignored/>
  </testcase> <!-- signInButtonClickTest -->
  <testcase name="use_of_navigate_method" time="0.0" classname="com.costco.tests.TestClass">
    <ignored/>
  </testcase> <!-- use_of_navigate_method -->
  <testcase name="test1" time="0.0" classname="com.costco.tests.TestClass">
    <ignored/>
  </testcase> <!-- test1 -->
  <testcase name="use_of_getText_method" time="0.0" classname="com.costco.tests.TestClass">
    <ignored/>
  </testcase> <!-- use_of_getText_method -->
  <testcase name="ordersReturnsTest" time="0.0" classname="com.costco.tests.TestClass">
    <ignored/>
  </testcase> <!-- ordersReturnsTest -->
</testsuite> <!-- Default test -->
