<?xml version="1.0" encoding="UTF-8"?>
<!-- Generated by org.testng.reporters.JUnitXMLReporter -->
<testsuite hostname="Braidens-MacBook-Pro.local" ignored="25" name="Default test" tests="1" failures="1" timestamp="08 Oct 2022 17:46:49 GMT" time="20.102" errors="0">
  <testcase name="dropdown_selectByIndex_method" time="12.022" classname="com.costco.tests.TestClass">
    <failure type="org.openqa.selenium.NoSuchElementException" message="Unable to find element with locator By.id: //a[@id=&amp;apos;navigation-dropdown&amp;apos;]
For documentation on this error, please visit: https://selenium.dev/exceptions/#no_such_element
Build info: version: &amp;apos;4.4.0&amp;apos;, revision: &amp;apos;e5c75ed026a&amp;apos;
System info: host: &amp;apos;Braidens-MacBook-Pro.local&amp;apos;, ip: &amp;apos;2601:86:300:4040:a409:ca65:17cd:7be2%en0&amp;apos;, os.name: &amp;apos;Mac OS X&amp;apos;, os.arch: &amp;apos;x86_64&amp;apos;, os.version: &amp;apos;12.1&amp;apos;, java.version: &amp;apos;1.8.0_331&amp;apos;
Driver info: driver.version: RemoteWebDriver">
      <![CDATA[org.openqa.selenium.NoSuchElementException: Unable to find element with locator By.id: //a[@id='navigation-dropdown']
For documentation on this error, please visit: https://selenium.dev/exceptions/#no_such_element
Build info: version: '4.4.0', revision: 'e5c75ed026a'
System info: host: 'Braidens-MacBook-Pro.local', ip: '2601:86:300:4040:a409:ca65:17cd:7be2%en0', os.name: 'Mac OS X', os.arch: 'x86_64', os.version: '12.1', java.version: '1.8.0_331'
Driver info: driver.version: RemoteWebDriver
at org.openqa.selenium.remote.ElementLocation$ElementFinder$2.findElement(ElementLocation.java:165)
at org.openqa.selenium.remote.ElementLocation.findElement(ElementLocation.java:66)
at org.openqa.selenium.remote.RemoteWebDriver.findElement(RemoteWebDriver.java:365)
at org.openqa.selenium.remote.RemoteWebDriver.findElement(RemoteWebDriver.java:357)
at com.costco.tests.TestClass.dropdown_selectByIndex_method(TestClass.java:199)
at sun.reflect.NativeMethodAccessorImpl.invoke0(Native Method)
at sun.reflect.NativeMethodAccessorImpl.invoke(NativeMethodAccessorImpl.java:62)
at sun.reflect.DelegatingMethodAccessorImpl.invoke(DelegatingMethodAccessorImpl.java:43)
at java.lang.reflect.Method.invoke(Method.java:498)
at org.testng.internal.MethodInvocationHelper.invokeMethod(MethodInvocationHelper.java:124)
at org.testng.internal.Invoker.invokeMethod(Invoker.java:583)
at org.testng.internal.Invoker.invokeTestMethod(Invoker.java:719)
at org.testng.internal.Invoker.invokeTestMethods(Invoker.java:989)
at org.testng.internal.TestMethodWorker.invokeTestMethods(TestMethodWorker.java:125)
at org.testng.internal.TestMethodWorker.run(TestMethodWorker.java:109)
at org.testng.TestRunner.privateRun(TestRunner.java:648)
at org.testng.TestRunner.run(TestRunner.java:505)
at org.testng.SuiteRunner.runTest(SuiteRunner.java:455)
at org.testng.SuiteRunner.runSequentially(SuiteRunner.java:450)
at org.testng.SuiteRunner.privateRun(SuiteRunner.java:415)
at org.testng.SuiteRunner.run(SuiteRunner.java:364)
at org.testng.SuiteRunnerWorker.runSuite(SuiteRunnerWorker.java:52)
at org.testng.SuiteRunnerWorker.run(SuiteRunnerWorker.java:84)
at org.testng.TestNG.runSuitesSequentially(TestNG.java:1208)
at org.testng.TestNG.runSuitesLocally(TestNG.java:1137)
at org.testng.TestNG.runSuites(TestNG.java:1049)
at org.testng.TestNG.run(TestNG.java:1017)
at org.testng.remote.AbstractRemoteTestNG.run(AbstractRemoteTestNG.java:115)
at org.testng.remote.RemoteTestNG.initAndRun(RemoteTestNG.java:251)
at org.testng.remote.RemoteTestNG.main(RemoteTestNG.java:77)
]]>
    </failure>
  </testcase> <!-- dropdown_selectByIndex_method -->
  <testcase name="use_Of_Selected_mathod" time="0.0" classname="com.costco.tests.TestClass">
    <ignored/>
  </testcase> <!-- use_Of_Selected_mathod -->
  <testcase name="LearnAboutOurCommitmentToWomenButtonTest" time="0.0" classname="com.costco.tests.TestClass">
    <ignored/>
  </testcase> <!-- LearnAboutOurCommitmentToWomenButtonTest -->
  <testcase name="setASpecificSizeOfWindow" time="0.0" classname="com.costco.tests.TestClass">
    <ignored/>
  </testcase> <!-- setASpecificSizeOfWindow -->
  <testcase name="whileSuppliesClickTest" time="0.0" classname="com.costco.tests.TestClass">
    <ignored/>
  </testcase> <!-- whileSuppliesClickTest -->
  <testcase name="termsandConditionsLinkTest" time="0.0" classname="com.costco.tests.TestClass">
    <ignored/>
  </testcase> <!-- termsandConditionsLinkTest -->
  <testcase name="use_of_getCurrentURL_method" time="0.0" classname="com.costco.tests.TestClass">
    <ignored/>
  </testcase> <!-- use_of_getCurrentURL_method -->
  <testcase name="warehouseSavingsTest" time="0.0" classname="com.costco.tests.TestClass">
    <ignored/>
  </testcase> <!-- warehouseSavingsTest -->
  <testcase name="sameDayClickTest" time="0.0" classname="com.costco.tests.TestClass">
    <ignored/>
  </testcase> <!-- sameDayClickTest -->
  <testcase name="creditCardsClickTest" time="0.0" classname="com.costco.tests.TestClass">
    <ignored/>
  </testcase> <!-- creditCardsClickTest -->
  <testcase name="use_of_getTile_method" time="0.0" classname="com.costco.tests.TestClass">
    <ignored/>
  </testcase> <!-- use_of_getTile_method -->
  <testcase name="use_of_senKeys_method_then_click_submit_and_then_clear" time="0.0" classname="com.costco.tests.TestClass">
    <ignored/>
  </testcase> <!-- use_of_senKeys_method_then_click_submit_and_then_clear -->
  <testcase name="groceryButtonTest" time="0.0" classname="com.costco.tests.TestClass">
    <ignored/>
  </testcase> <!-- groceryButtonTest -->
  <testcase name="use_of_senKeys_method_then_click_by_enter_key_and_then_clear" time="0.0" classname="com.costco.tests.TestClass">
    <ignored/>
  </testcase> <!-- use_of_senKeys_method_then_click_by_enter_key_and_then_clear -->
  <testcase name="treasureHuntTest" time="0.0" classname="com.costco.tests.TestClass">
    <ignored/>
  </testcase> <!-- treasureHuntTest -->
  <testcase name="use_of_getAttribute_method" time="0.0" classname="com.costco.tests.TestClass">
    <ignored/>
  </testcase> <!-- use_of_getAttribute_method -->
  <testcase name="use_of_sendKeys_method" time="0.0" classname="com.costco.tests.TestClass">
    <ignored/>
  </testcase> <!-- use_of_sendKeys_method -->
  <testcase name="searchFieldTest" time="0.0" classname="com.costco.tests.TestClass">
    <ignored/>
  </testcase> <!-- searchFieldTest -->
  <testcase name="passWordClickTest" time="0.0" classname="com.costco.tests.TestClass">
    <ignored/>
  </testcase> <!-- passWordClickTest -->
  <testcase name="sameDayElementTest" time="0.0" classname="com.costco.tests.TestClass">
    <ignored/>
  </testcase> <!-- sameDayElementTest -->
  <testcase name="ordersReturnsClickTest" time="0.0" classname="com.costco.tests.TestClass">
    <ignored/>
  </testcase> <!-- ordersReturnsClickTest -->
  <testcase name="signInButtonClickTest" time="0.0" classname="com.costco.tests.TestClass">
    <ignored/>
  </testcase> <!-- signInButtonClickTest -->
  <testcase name="test1" time="0.0" classname="com.costco.tests.TestClass">
    <ignored/>
  </testcase> <!-- test1 -->
  <testcase name="use_of_navigate_method" time="0.0" classname="com.costco.tests.TestClass">
    <ignored/>
  </testcase> <!-- use_of_navigate_method -->
  <testcase name="use_of_getText_method" time="0.0" classname="com.costco.tests.TestClass">
    <ignored/>
  </testcase> <!-- use_of_getText_method -->
  <testcase name="ordersReturnsTest" time="0.0" classname="com.costco.tests.TestClass">
    <ignored/>
  </testcase> <!-- ordersReturnsTest -->
</testsuite> <!-- Default test -->
