<?xml version="1.0" encoding="UTF-8"?>
<testng-results skipped="0" failed="0" ignored="31" total="32" passed="1">
  <reporter-output>
  </reporter-output>
  <suite name="Default suite" duration-ms="7110" started-at="2022-10-10T22:50:41Z" finished-at="2022-10-10T22:50:48Z">
    <groups>
    </groups>
    <test name="Default test" duration-ms="7110" started-at="2022-10-10T22:50:41Z" finished-at="2022-10-10T22:50:48Z">
      <class name="com.costco.tests.TestClass">
        <test-method status="PASS" signature="setUp()[pri:0, instance:com.costco.tests.TestClass@5a63f509]" name="setUp" is-config="true" duration-ms="5648" started-at="2022-10-10T22:50:41Z" finished-at="2022-10-10T22:50:47Z">
          <reporter-output>
          </reporter-output>
        </test-method> <!-- setUp -->
        <test-method status="PASS" signature="use_of_getTitle_method_with_assertion01()[pri:0, instance:com.costco.tests.TestClass@5a63f509]" name="use_of_getTitle_method_with_assertion01" duration-ms="1444" started-at="2022-10-10T22:50:47Z" finished-at="2022-10-10T22:50:48Z">
          <reporter-output>
          </reporter-output>
        </test-method> <!-- use_of_getTitle_method_with_assertion01 -->
      </class> <!-- com.costco.tests.TestClass -->
    </test> <!-- Default test -->
  </suite> <!-- Default suite -->
</testng-results>
