<?xml version="1.0" encoding="UTF-8"?>
<testng-results skipped="0" failed="1" ignored="25" total="26" passed="0">
  <reporter-output>
  </reporter-output>
  <suite name="Default suite" duration-ms="20102" started-at="2022-10-08T17:46:29Z" finished-at="2022-10-08T17:46:49Z">
    <groups>
    </groups>
    <test name="Default test" duration-ms="20102" started-at="2022-10-08T17:46:29Z" finished-at="2022-10-08T17:46:49Z">
      <class name="com.costco.tests.TestClass">
        <test-method status="PASS" signature="setUp()[pri:0, instance:com.costco.tests.TestClass@5a63f509]" name="setUp" is-config="true" duration-ms="8040" started-at="2022-10-08T17:46:29Z" finished-at="2022-10-08T17:46:37Z">
          <reporter-output>
          </reporter-output>
        </test-method> <!-- setUp -->
        <test-method status="FAIL" signature="dropdown_selectByIndex_method()[pri:0, instance:com.costco.tests.TestClass@5a63f509]" name="dropdown_selectByIndex_method" duration-ms="12022" started-at="2022-10-08T17:46:37Z" finished-at="2022-10-08T17:46:49Z">
          <exception class="org.openqa.selenium.NoSuchElementException">
            <message>
              <![CDATA[Unable to find element with locator By.id: //a[@id='navigation-dropdown']
For documentation on this error, please visit: https://selenium.dev/exceptions/#no_such_element
Build info: version: '4.4.0', revision: 'e5c75ed026a'
System info: host: 'Braidens-MacBook-Pro.local', ip: '2601:86:300:4040:a409:ca65:17cd:7be2%en0', os.name: 'Mac OS X', os.arch: 'x86_64', os.version: '12.1', java.version: '1.8.0_331'
Driver info: driver.version: RemoteWebDriver]]>
            </message>
            <full-stacktrace>
              <![CDATA[org.openqa.selenium.NoSuchElementException: Unable to find element with locator By.id: //a[@id='navigation-dropdown']
For documentation on this error, please visit: https://selenium.dev/exceptions/#no_such_element
Build info: version: '4.4.0', revision: 'e5c75ed026a'
System info: host: 'Braidens-MacBook-Pro.local', ip: '2601:86:300:4040:a409:ca65:17cd:7be2%en0', os.name: 'Mac OS X', os.arch: 'x86_64', os.version: '12.1', java.version: '1.8.0_331'
Driver info: driver.version: RemoteWebDriver
at org.openqa.selenium.remote.ElementLocation$ElementFinder$2.findElement(ElementLocation.java:165)
at org.openqa.selenium.remote.ElementLocation.findElement(ElementLocation.java:66)
at org.openqa.selenium.remote.RemoteWebDriver.findElement(RemoteWebDriver.java:365)
at org.openqa.selenium.remote.RemoteWebDriver.findElement(RemoteWebDriver.java:357)
at com.costco.tests.TestClass.dropdown_selectByIndex_method(TestClass.java:199)
at sun.reflect.NativeMethodAccessorImpl.invoke0(Native Method)
at sun.reflect.NativeMethodAccessorImpl.invoke(NativeMethodAccessorImpl.java:62)
at sun.reflect.DelegatingMethodAccessorImpl.invoke(DelegatingMethodAccessorImpl.java:43)
at java.lang.reflect.Method.invoke(Method.java:498)
at org.testng.internal.MethodInvocationHelper.invokeMethod(MethodInvocationHelper.java:124)
at org.testng.internal.Invoker.invokeMethod(Invoker.java:583)
at org.testng.internal.Invoker.invokeTestMethod(Invoker.java:719)
at org.testng.internal.Invoker.invokeTestMethods(Invoker.java:989)
at org.testng.internal.TestMethodWorker.invokeTestMethods(TestMethodWorker.java:125)
at org.testng.internal.TestMethodWorker.run(TestMethodWorker.java:109)
at org.testng.TestRunner.privateRun(TestRunner.java:648)
at org.testng.TestRunner.run(TestRunner.java:505)
at org.testng.SuiteRunner.runTest(SuiteRunner.java:455)
at org.testng.SuiteRunner.runSequentially(SuiteRunner.java:450)
at org.testng.SuiteRunner.privateRun(SuiteRunner.java:415)
at org.testng.SuiteRunner.run(SuiteRunner.java:364)
at org.testng.SuiteRunnerWorker.runSuite(SuiteRunnerWorker.java:52)
at org.testng.SuiteRunnerWorker.run(SuiteRunnerWorker.java:84)
at org.testng.TestNG.runSuitesSequentially(TestNG.java:1208)
at org.testng.TestNG.runSuitesLocally(TestNG.java:1137)
at org.testng.TestNG.runSuites(TestNG.java:1049)
at org.testng.TestNG.run(TestNG.java:1017)
at org.testng.remote.AbstractRemoteTestNG.run(AbstractRemoteTestNG.java:115)
at org.testng.remote.RemoteTestNG.initAndRun(RemoteTestNG.java:251)
at org.testng.remote.RemoteTestNG.main(RemoteTestNG.java:77)
]]>
            </full-stacktrace>
          </exception> <!-- org.openqa.selenium.NoSuchElementException -->
          <reporter-output>
          </reporter-output>
        </test-method> <!-- dropdown_selectByIndex_method -->
      </class> <!-- com.costco.tests.TestClass -->
    </test> <!-- Default test -->
  </suite> <!-- Default suite -->
</testng-results>
